2026-06-13T05:01:29.610Z KuCoin fetch err for NEAR: read ECONNRESET | cause: undefined
2026-06-13T05:01:29.777Z KuCoin fetch err for SUI: read ECONNRESET | cause: undefined
2026-06-13T05:01:30.156Z KuCoin fetch err for LDO: read ECONNRESET | cause: undefined
2026-06-13T05:01:31.155Z KuCoin fetch err for ENA: read ECONNRESET | cause: undefined
2026-06-13T05:01:32.342Z KuCoin fetch err for PYTH: read ECONNRESET | cause: undefined
2026-06-13T05:01:33.128Z KuCoin fetch err for MANA: read ECONNRESET | cause: undefined
2026-06-13T05:01:33.365Z KuCoin fetch err for FLOKI: read ECONNRESET | cause: undefined
2026-06-13T05:01:33.451Z KuCoin fetch err for PEPE: read ECONNRESET | cause: undefined
2026-06-13T05:03:30.770Z KuCoin fetch err for MANA: read ECONNRESET | cause: undefined
2026-06-13T05:03:31.546Z KuCoin fetch err for FTM: read ECONNRESET | cause: undefined
2026-06-13T05:03:32.851Z KuCoin fetch err for JUP: read ECONNRESET | cause: undefined
2026-06-13T05:03:33.559Z KuCoin fetch err for PYTH: read ECONNRESET | cause: undefined
2026-06-13T05:03:33.823Z KuCoin fetch err for SUI: read ECONNRESET | cause: undefined
2026-06-13T05:03:34.290Z KuCoin fetch err for POPCAT: read ECONNRESET | cause: undefined
2026-06-13T05:03:35.203Z KuCoin fetch err for XRP: read ECONNRESET | cause: undefined
2026-06-13T05:03:35.282Z KuCoin fetch err for WLD: read ECONNRESET | cause: undefined
2026-06-13T05:10:06.326Z KuCoin fetch err for APT: read ECONNRESET | cause: undefined
2026-06-13T05:10:07.197Z KuCoin fetch err for OP: read ECONNRESET | cause: undefined
2026-06-13T05:10:07.273Z KuCoin fetch err for BNB: read ECONNRESET | cause: undefined
2026-06-13T05:10:07.787Z KuCoin fetch err for FTM: read ECONNRESET | cause: undefined
2026-06-13T05:10:09.464Z KuCoin fetch err for ORDI: read ECONNRESET | cause: undefined
2026-06-13T05:10:09.469Z KuCoin fetch err for JUP: read ECONNRESET | cause: undefined
2026-06-13T05:10:11.155Z KuCoin fetch err for PEPE: read ECONNRESET | cause: undefined
2026-06-13T05:10:29.054Z KuCoin fetch err for ETH: read ECONNRESET | cause: undefined
2026-06-13T05:10:33.591Z KuCoin fetch err for ALT: read ECONNRESET | cause: undefined
2026-06-13T05:10:43.760Z KuCoin fetch err for TIA: read ECONNRESET | cause: undefined
2026-06-13T05:10:51.972Z KuCoin fetch err for POPCAT: read ECONNRESET | cause: undefined
2026-06-13T05:10:52.587Z KuCoin fetch err for BRETT: read ECONNRESET | cause: undefined
2026-06-13T05:10:52.928Z KuCoin fetch err for SOL: read ECONNRESET | cause: undefined
2026-06-13T05:10:53.272Z KuCoin fetch err for XRP: read ECONNRESET | cause: undefined
2026-06-13T05:10:53.532Z KuCoin fetch err for WLD: read ECONNRESET | cause: undefined
2026-06-13T05:10:53.727Z KuCoin fetch err for BONK: read ECONNRESET | cause: undefined
2026-06-13T05:10:53.767Z KuCoin fetch err for ADA: Request timed out after 9600ms | cause: undefined
2026-06-13T05:15:30.809Z KuCoin fetch err for ENA: read ECONNRESET | cause: undefined
2026-06-13T05:15:30.861Z KuCoin fetch err for ALT: read ECONNRESET | cause: undefined
2026-06-13T05:15:31.409Z KuCoin fetch err for IMX: read ECONNRESET | cause: undefined
2026-06-13T05:15:32.187Z KuCoin fetch err for ORDI: read ECONNRESET | cause: undefined
2026-06-13T05:15:32.258Z KuCoin fetch err for ARB: read ECONNRESET | cause: undefined
2026-06-13T05:15:33.916Z KuCoin fetch err for VIRTUAL: read ECONNRESET | cause: undefined
2026-06-13T05:15:34.686Z KuCoin fetch err for TON: read ECONNRESET | cause: undefined
2026-06-13T05:15:34.691Z KuCoin fetch err for SOL: read ECONNRESET | cause: undefined
2026-06-13T05:15:35.368Z KuCoin fetch err for RUNE: read ECONNRESET | cause: undefined
2026-06-13T05:15:35.394Z KuCoin fetch err for SEI: read ECONNRESET | cause: undefined
2026-06-13T05:16:53.321Z KuCoin fetch err for AI16Z: read ECONNRESET | cause: undefined
2026-06-13T05:16:53.663Z KuCoin fetch err for INJ: read ECONNRESET | cause: undefined
2026-06-13T05:16:53.705Z KuCoin fetch err for RUNE: read ECONNRESET | cause: undefined
2026-06-13T05:16:54.277Z KuCoin fetch err for ATOM: read ECONNRESET | cause: undefined
2026-06-13T05:16:55.426Z KuCoin fetch err for BRETT: read ECONNRESET | cause: undefined
2026-06-13T05:16:55.534Z KuCoin fetch err for ADA: read ECONNRESET | cause: undefined
2026-06-13T05:16:57.939Z KuCoin fetch err for SOL: read ECONNRESET | cause: undefined
2026-06-13T05:17:27.236Z KuCoin fetch err for JTO: read ECONNRESET | cause: undefined
2026-06-13T05:17:27.413Z KuCoin fetch err for ETH: read ECONNRESET | cause: undefined
2026-06-13T05:17:28.133Z KuCoin fetch err for FTM: read ECONNRESET | cause: undefined
2026-06-13T05:17:28.849Z KuCoin fetch err for LDO: read ECONNRESET | cause: undefined
2026-06-13T05:17:30.042Z KuCoin fetch err for BTC: read ECONNRESET | cause: undefined
2026-06-13T05:17:43.475Z KuCoin fetch err for DYDX: read ECONNRESET | cause: undefined
2026-06-13T05:17:43.838Z KuCoin fetch err for SOL: read ECONNRESET | cause: undefined
2026-06-13T05:17:44.072Z KuCoin fetch err for SUI: read ECONNRESET | cause: undefined
2026-06-13T05:17:49.119Z KuCoin fetch err for RUNE: read ECONNRESET | cause: undefined
2026-06-13T05:17:49.140Z KuCoin fetch err for JUP: read ECONNRESET | cause: undefined
2026-06-13T05:17:49.511Z KuCoin fetch err for GOAT: read ECONNRESET | cause: undefined
2026-06-13T05:17:50.038Z KuCoin fetch err for ORDI: read ECONNRESET | cause: undefined
2026-06-13T05:17:50.654Z KuCoin fetch err for DOT: read ECONNRESET | cause: undefined
2026-06-13T05:17:50.824Z KuCoin fetch err for DOGE: read ECONNRESET | cause: undefined
2026-06-13T05:18:04.034Z KuCoin fetch err for WLD: read ECONNRESET | cause: undefined
2026-06-13T05:18:04.224Z KuCoin fetch err for IMX: read ECONNRESET | cause: undefined
2026-06-13T05:18:04.651Z KuCoin fetch err for BLUR: read ECONNRESET | cause: undefined
2026-06-13T05:18:04.950Z KuCoin fetch err for ONDO: read ECONNRESET | cause: undefined
2026-06-13T05:18:05.416Z KuCoin fetch err for BNB: read ECONNRESET | cause: undefined
2026-06-13T05:18:07.103Z KuCoin fetch err for PYTH: read ECONNRESET | cause: undefined
2026-06-13T05:18:24.151Z KuCoin fetch err for TIA: read ECONNRESET | cause: undefined
2026-06-13T05:18:24.507Z KuCoin fetch err for POPCAT: read ECONNRESET | cause: undefined
2026-06-13T05:18:25.594Z KuCoin fetch err for JUP: read ECONNRESET | cause: undefined
2026-06-13T05:18:25.741Z KuCoin fetch err for FTM: read ECONNRESET | cause: undefined
2026-06-13T05:18:27.810Z KuCoin fetch err for PEPE: read ECONNRESET | cause: undefined
2026-06-13T05:19:09.917Z KuCoin fetch err for LDO: read ECONNRESET | cause: undefined
2026-06-13T05:19:09.924Z KuCoin fetch err for LINK: read ECONNRESET | cause: undefined
2026-06-13T05:19:10.724Z KuCoin fetch err for BRETT: read ECONNRESET | cause: undefined
2026-06-13T05:19:11.284Z KuCoin fetch err for JUP: read ECONNRESET | cause: undefined
2026-06-13T05:19:12.368Z KuCoin fetch err for ONDO: read ECONNRESET | cause: undefined
2026-06-13T05:19:12.527Z KuCoin fetch err for AVAX: read ECONNRESET | cause: undefined
2026-06-13T05:19:12.620Z KuCoin fetch err for WIF: read ECONNRESET | cause: undefined
2026-06-13T05:19:55.054Z KuCoin fetch err for ATOM: read ECONNRESET | cause: undefined
2026-06-13T05:19:55.345Z KuCoin fetch err for ORDI: read ECONNRESET | cause: undefined
2026-06-13T05:19:55.660Z KuCoin fetch err for UNI: read ECONNRESET | cause: undefined
2026-06-13T05:19:56.150Z KuCoin fetch err for JUP: read ECONNRESET | cause: undefined
2026-06-13T05:19:56.470Z KuCoin fetch err for DOT: read ECONNRESET | cause: undefined
2026-06-13T05:19:57.369Z KuCoin fetch err for SOL: read ECONNRESET | cause: undefined
2026-06-13T05:19:57.677Z KuCoin fetch err for PYTH: read ECONNRESET | cause: undefined
2026-06-13T05:19:57.727Z KuCoin fetch err for ACT: read ECONNRESET | cause: undefined
2026-06-13T05:21:01.776Z KuCoin fetch err for BNB: read ECONNRESET | cause: undefined
2026-06-13T05:21:01.881Z KuCoin fetch err for AVAX: read ECONNRESET | cause: undefined
2026-06-13T05:21:02.093Z KuCoin fetch err for LDO: read ECONNRESET | cause: undefined
2026-06-13T05:21:02.160Z KuCoin fetch err for TIA: read ECONNRESET | cause: undefined
2026-06-13T05:21:03.049Z KuCoin fetch err for PNUT: read ECONNRESET | cause: undefined
2026-06-13T05:21:03.323Z KuCoin fetch err for FARTCOIN: read ECONNRESET | cause: undefined
2026-06-13T05:21:03.770Z KuCoin fetch err for PEPE: read ECONNRESET | cause: undefined
2026-06-13T05:21:59.982Z KuCoin fetch err for FTM: read ECONNRESET | cause: undefined
2026-06-13T05:22:00.630Z KuCoin fetch err for OP: read ECONNRESET | cause: undefined
2026-06-13T05:22:01.029Z KuCoin fetch err for PNUT: read ECONNRESET | cause: undefined
2026-06-13T05:22:01.205Z KuCoin fetch err for JUP: read ECONNRESET | cause: undefined
2026-06-13T05:22:01.734Z KuCoin fetch err for BTC: read ECONNRESET | cause: undefined
2026-06-13T05:22:02.401Z KuCoin fetch err for ORDI: read ECONNRESET | cause: undefined
2026-06-13T05:22:03.340Z KuCoin fetch err for ARB: read ECONNRESET | cause: undefined
2026-06-13T05:22:59.928Z KuCoin fetch err for GRT: read ECONNRESET | cause: undefined
2026-06-13T05:23:00.290Z KuCoin fetch err for ETH: read ECONNRESET | cause: undefined
2026-06-13T05:23:00.598Z KuCoin fetch err for TON: read ECONNRESET | cause: undefined
2026-06-13T05:23:00.888Z KuCoin fetch err for SEI: read ECONNRESET | cause: undefined
2026-06-13T05:23:01.587Z KuCoin fetch err for APT: read ECONNRESET | cause: undefined
2026-06-13T05:23:02.230Z KuCoin fetch err for IMX: read ECONNRESET | cause: undefined
2026-06-13T05:23:02.359Z KuCoin fetch err for ORDI: read ECONNRESET | cause: undefined
2026-06-13T05:23:02.518Z KuCoin fetch err for POPCAT: read ECONNRESET | cause: undefined
2026-06-13T05:23:03.855Z KuCoin fetch err for WLD: read ECONNRESET | cause: undefined
2026-06-13T05:23:10.846Z KuCoin fetch err for DOT: read ECONNRESET | cause: undefined
2026-06-13T05:23:11.171Z KuCoin fetch err for SUI: read ECONNRESET | cause: undefined
2026-06-13T05:23:11.632Z KuCoin fetch err for PNUT: read ECONNRESET | cause: undefined
2026-06-13T05:23:11.933Z KuCoin fetch err for ONDO: read ECONNRESET | cause: undefined
2026-06-13T05:23:14.021Z KuCoin fetch err for BNB: read ECONNRESET | cause: undefined
2026-06-13T05:23:14.335Z KuCoin fetch err for GMX: read ECONNRESET | cause: undefined
2026-06-13T05:23:14.829Z KuCoin fetch err for FLOKI: read ECONNRESET | cause: undefined
2026-06-13T05:23:30.806Z KuCoin fetch err for ATOM: read ECONNRESET | cause: undefined
2026-06-13T05:23:30.840Z KuCoin fetch err for GRT: read ECONNRESET | cause: undefined
2026-06-13T05:23:30.884Z KuCoin fetch err for XRP: read ECONNRESET | cause: undefined
2026-06-13T05:23:31.514Z KuCoin fetch err for RUNE: read ECONNRESET | cause: undefined
2026-06-13T05:23:34.193Z KuCoin fetch err for SUI: read ECONNRESET | cause: undefined
2026-06-13T05:23:34.289Z KuCoin fetch err for BLUR: read ECONNRESET | cause: undefined
2026-06-13T05:23:34.492Z KuCoin fetch err for WLD: read ECONNRESET | cause: undefined
2026-06-13T05:23:34.591Z KuCoin fetch err for WIF: read ECONNRESET | cause: undefined
2026-06-13T05:23:51.208Z KuCoin fetch err for MANA: read ECONNRESET | cause: undefined
2026-06-13T05:23:51.238Z KuCoin fetch err for SAND: read ECONNRESET | cause: undefined
2026-06-13T05:23:52.404Z KuCoin fetch err for LTC: read ECONNRESET | cause: undefined
2026-06-13T05:23:53.234Z KuCoin fetch err for SEI: read ECONNRESET | cause: undefined
2026-06-13T05:23:53.454Z KuCoin fetch err for ENA: read ECONNRESET | cause: undefined
2026-06-13T05:23:53.694Z KuCoin fetch err for OMG: read ECONNRESET | cause: undefined
2026-06-13T05:23:54.069Z KuCoin fetch err for PENDLE: read ECONNRESET | cause: undefined
2026-06-13T05:23:54.459Z KuCoin fetch err for IMX: read ECONNRESET | cause: undefined
2026-06-13T05:23:55.263Z KuCoin fetch err for BRETT: read ECONNRESET | cause: undefined
2026-06-13T05:23:55.978Z KuCoin fetch err for ARB: read ECONNRESET | cause: undefined
2026-06-13T05:23:56.968Z KuCoin fetch err for BONK: read ECONNRESET | cause: undefined
2026-06-13T05:23:57.301Z KuCoin fetch err for PEPE: read ECONNRESET | cause: undefined
2026-06-13T05:24:01.700Z KuCoin fetch err for POPCAT: read ECONNRESET | cause: undefined
2026-06-13T05:24:02.284Z KuCoin fetch err for FIL: read ECONNRESET | cause: undefined
2026-06-13T05:24:02.709Z KuCoin fetch err for TRX: read ECONNRESET | cause: undefined
2026-06-13T05:24:02.817Z KuCoin fetch err for UNI: read ECONNRESET | cause: undefined
2026-06-13T05:24:12.750Z KuCoin fetch err for DYDX: read ECONNRESET | cause: undefined
2026-06-13T05:24:13.284Z KuCoin fetch err for SAND: read ECONNRESET | cause: undefined
2026-06-13T05:24:13.605Z KuCoin fetch err for LINK: read ECONNRESET | cause: undefined
2026-06-13T05:24:13.868Z KuCoin fetch err for FIL: read ECONNRESET | cause: undefined
2026-06-13T05:24:14.379Z KuCoin fetch err for MEW: read ECONNRESET | cause: undefined
2026-06-13T05:24:14.380Z KuCoin fetch err for PENDLE: read ECONNRESET | cause: undefined
2026-06-13T05:24:14.585Z KuCoin fetch err for FARTCOIN: read ECONNRESET | cause: undefined
2026-06-13T05:24:14.638Z KuCoin fetch err for AAVE: read ECONNRESET | cause: undefined
2026-06-13T05:24:14.970Z KuCoin fetch err for ARB: read ECONNRESET | cause: undefined
2026-06-13T05:24:15.209Z KuCoin fetch err for ACT: read ECONNRESET | cause: undefined
2026-06-13T05:24:15.727Z KuCoin fetch err for SOL: read ECONNRESET | cause: undefined
2026-06-13T05:24:16.022Z KuCoin fetch err for PNUT: read ECONNRESET | cause: undefined
2026-06-13T05:24:20.073Z KuCoin fetch err for SUI: read ECONNRESET | cause: undefined
2026-06-13T05:24:47.427Z KuCoin fetch err for SOL: read ECONNRESET | cause: undefined
2026-06-13T05:24:48.318Z KuCoin fetch err for BLUR: read ECONNRESET | cause: undefined
2026-06-13T05:24:48.763Z KuCoin fetch err for LDO: read ECONNRESET | cause: undefined
2026-06-13T05:24:49.683Z KuCoin fetch err for PENDLE: read ECONNRESET | cause: undefined
2026-06-13T05:24:50.003Z KuCoin fetch err for OMG: read ECONNRESET | cause: undefined
2026-06-13T05:24:50.203Z KuCoin fetch err for PNUT: read ECONNRESET | cause: undefined
2026-06-13T05:24:50.368Z KuCoin fetch err for LINK: read ECONNRESET | cause: undefined
2026-06-13T05:24:50.517Z KuCoin fetch err for WLD: read ECONNRESET | cause: undefined
2026-06-13T05:24:51.369Z KuCoin fetch err for DYDX: read ECONNRESET | cause: undefined
2026-06-13T05:24:52.066Z KuCoin fetch err for SOL: read ECONNRESET | cause: undefined
2026-06-13T05:24:53.553Z KuCoin fetch err for IMX: read ECONNRESET | cause: undefined
2026-06-13T05:24:54.321Z KuCoin fetch err for FTM: read ECONNRESET | cause: undefined
2026-06-13T05:24:54.770Z KuCoin fetch err for FARTCOIN: read ECONNRESET | cause: undefined
2026-06-13T05:24:54.885Z KuCoin fetch err for ONDO: read ECONNRESET | cause: undefined
2026-06-13T05:24:54.931Z KuCoin fetch err for GMX: read ECONNRESET | cause: undefined
2026-06-13T05:24:55.166Z KuCoin fetch err for NEAR: read ECONNRESET | cause: undefined
2026-06-13T05:24:55.675Z KuCoin fetch err for LINK: read ECONNRESET | cause: undefined
2026-06-13T05:25:59.771Z KuCoin fetch err for MEW: read ECONNRESET | cause: undefined
2026-06-13T05:26:00.769Z KuCoin fetch err for APT: read ECONNRESET | cause: undefined
2026-06-13T05:26:03.410Z KuCoin fetch err for JTO: read ECONNRESET | cause: undefined
2026-06-13T05:26:04.441Z KuCoin fetch err for IMX: read ECONNRESET | cause: undefined
2026-06-13T05:26:05.061Z KuCoin fetch err for SOL: read ECONNRESET | cause: undefined
2026-06-13T05:27:00.788Z KuCoin fetch err for MANTA: read ECONNRESET | cause: undefined
2026-06-13T05:27:01.381Z KuCoin fetch err for ENA: read ECONNRESET | cause: undefined
2026-06-13T05:27:02.557Z KuCoin fetch err for INJ: read ECONNRESET | cause: undefined
2026-06-13T05:28:01.040Z KuCoin fetch err for LINK: read ECONNRESET | cause: undefined
2026-06-13T05:28:01.686Z KuCoin fetch err for MATIC: read ECONNRESET | cause: undefined
2026-06-13T05:28:04.108Z KuCoin fetch err for FIL: read ECONNRESET | cause: undefined
2026-06-13T05:28:04.581Z KuCoin fetch err for PYTH: read ECONNRESET | cause: undefined
2026-06-13T05:28:04.805Z KuCoin fetch err for SUI: read ECONNRESET | cause: undefined
2026-06-13T05:28:46.059Z KuCoin fetch err for ONDO: read ECONNRESET | cause: undefined
2026-06-13T05:28:46.664Z KuCoin fetch err for MANTA: read ECONNRESET | cause: undefined
2026-06-13T05:28:47.745Z KuCoin fetch err for PENDLE: read ECONNRESET | cause: undefined
2026-06-13T05:28:48.477Z KuCoin fetch err for TIA: read ECONNRESET | cause: undefined
2026-06-13T05:28:50.176Z KuCoin fetch err for PEPE: read ECONNRESET | cause: undefined
2026-06-13T05:29:00.403Z KuCoin fetch err for TIA: read ECONNRESET | cause: undefined
2026-06-13T05:29:00.875Z KuCoin fetch err for FARTCOIN: read ECONNRESET | cause: undefined
2026-06-13T05:29:01.330Z KuCoin fetch err for POPCAT: read ECONNRESET | cause: undefined
2026-06-13T05:29:02.043Z KuCoin fetch err for OP: read ECONNRESET | cause: undefined
2026-06-13T05:29:02.466Z KuCoin fetch err for GRT: read ECONNRESET | cause: undefined
2026-06-13T05:29:03.664Z KuCoin fetch err for UNI: read ECONNRESET | cause: undefined
2026-06-13T05:29:04.805Z KuCoin fetch err for BONK: read ECONNRESET | cause: undefined
2026-06-13T05:29:04.972Z KuCoin fetch err for FLOKI: read ECONNRESET | cause: undefined
2026-06-13T05:29:07.072Z KuCoin fetch err for VIRTUAL: read ECONNRESET | cause: undefined
2026-06-13T05:29:07.680Z KuCoin fetch err for GRT: read ECONNRESET | cause: undefined
2026-06-13T05:29:07.872Z KuCoin fetch err for AAVE: read ECONNRESET | cause: undefined
2026-06-13T05:29:09.117Z KuCoin fetch err for MATIC: read ECONNRESET | cause: undefined
2026-06-13T05:29:09.590Z KuCoin fetch err for WIF: read ECONNRESET | cause: undefined
2026-06-13T05:29:20.400Z KuCoin fetch err for GOAT: read ECONNRESET | cause: undefined
2026-06-13T05:29:20.429Z KuCoin fetch err for AVAX: read ECONNRESET | cause: undefined
2026-06-13T05:29:20.779Z KuCoin fetch err for ALT: read ECONNRESET | cause: undefined
2026-06-13T05:29:20.965Z KuCoin fetch err for DYDX: read ECONNRESET | cause: undefined
2026-06-13T05:29:21.135Z KuCoin fetch err for ETH: read ECONNRESET | cause: undefined
2026-06-13T05:29:23.382Z KuCoin fetch err for PYTH: read ECONNRESET | cause: undefined
2026-06-13T05:29:23.747Z KuCoin fetch err for MANA: read ECONNRESET | cause: undefined
2026-06-13T05:30:01.117Z KuCoin fetch err for NEAR: read ECONNRESET | cause: undefined
2026-06-13T05:30:02.352Z KuCoin fetch err for TRX: read ECONNRESET | cause: undefined
2026-06-13T05:30:02.671Z KuCoin fetch err for TON: read ECONNRESET | cause: undefined
2026-06-13T05:30:02.943Z KuCoin fetch err for GMX: read ECONNRESET | cause: undefined
2026-06-13T05:30:03.297Z KuCoin fetch err for PENDLE: read ECONNRESET | cause: undefined
2026-06-13T05:30:03.688Z KuCoin fetch err for DOGE: read ECONNRESET | cause: undefined
2026-06-13T05:30:03.896Z KuCoin fetch err for FIL: read ECONNRESET | cause: undefined
2026-06-13T05:31:00.011Z KuCoin fetch err for NEAR: read ECONNRESET | cause: undefined
2026-06-13T05:31:00.042Z KuCoin fetch err for INJ: read ECONNRESET | cause: undefined
2026-06-13T05:31:00.354Z KuCoin fetch err for TRX: read ECONNRESET | cause: undefined
2026-06-13T05:31:00.709Z KuCoin fetch err for SAND: read ECONNRESET | cause: undefined
2026-06-13T05:31:01.053Z KuCoin fetch err for GRT: read ECONNRESET | cause: undefined
2026-06-13T05:31:01.219Z KuCoin fetch err for TON: read ECONNRESET | cause: undefined
2026-06-13T05:31:01.810Z KuCoin fetch err for DOGE: read ECONNRESET | cause: undefined
2026-06-13T05:31:01.889Z KuCoin fetch err for FARTCOIN: read ECONNRESET | cause: undefined
2026-06-13T05:31:02.595Z KuCoin fetch err for GMX: read ECONNRESET | cause: undefined
2026-06-13T05:31:03.349Z KuCoin fetch err for OMG: read ECONNRESET | cause: undefined
2026-06-13T05:31:03.595Z KuCoin fetch err for FLOKI: read ECONNRESET | cause: undefined
2026-06-13T05:31:59.916Z KuCoin fetch err for FTM: read ECONNRESET | cause: undefined
2026-06-13T05:32:00.308Z KuCoin fetch err for DYDX: read ECONNRESET | cause: undefined
2026-06-13T05:32:00.628Z KuCoin fetch err for ARB: read ECONNRESET | cause: undefined
2026-06-13T05:32:02.041Z KuCoin fetch err for BRETT: read ECONNRESET | cause: undefined
2026-06-13T05:32:02.367Z KuCoin fetch err for OMG: read ECONNRESET | cause: undefined
2026-06-13T05:32:02.884Z KuCoin fetch err for ETH: read ECONNRESET | cause: undefined
2026-06-13T05:33:01.323Z KuCoin fetch err for BTC: read ECONNRESET | cause: undefined
2026-06-13T05:33:01.896Z KuCoin fetch err for LTC: read ECONNRESET | cause: undefined
2026-06-13T05:33:03.468Z KuCoin fetch err for AI16Z: read ECONNRESET | cause: undefined
2026-06-13T05:34:00.272Z KuCoin fetch err for POPCAT: read ECONNRESET | cause: undefined
2026-06-13T05:34:01.593Z KuCoin fetch err for DYDX: read ECONNRESET | cause: undefined
2026-06-13T05:34:02.682Z KuCoin fetch err for TON: read ECONNRESET | cause: undefined
2026-06-13T05:34:03.147Z KuCoin fetch err for JUP: read ECONNRESET | cause: undefined
2026-06-13T05:34:10.723Z Bitget fetch err for AI16Z: Request timed out after 9600ms | cause: undefined
2026-06-13T05:35:00.722Z KuCoin fetch err for ADA: read ECONNRESET | cause: undefined
2026-06-13T05:35:03.486Z KuCoin fetch err for ARB: read ECONNRESET | cause: undefined
2026-06-13T05:35:03.684Z KuCoin fetch err for MEW: read ECONNRESET | cause: undefined
2026-06-13T05:35:04.013Z KuCoin fetch err for PEPE: read ECONNRESET | cause: undefined
2026-06-13T05:35:59.999Z KuCoin fetch err for ONDO: read ECONNRESET | cause: undefined
2026-06-13T05:36:00.178Z KuCoin fetch err for DYDX: read ECONNRESET | cause: undefined
2026-06-13T05:36:00.364Z KuCoin fetch err for JTO: read ECONNRESET | cause: undefined
2026-06-13T05:36:00.844Z KuCoin fetch err for MATIC: read ECONNRESET | cause: undefined
2026-06-13T05:36:01.038Z KuCoin fetch err for GRT: read ECONNRESET | cause: undefined
2026-06-13T05:36:02.036Z KuCoin fetch err for FARTCOIN: read ECONNRESET | cause: undefined
2026-06-13T05:36:02.365Z KuCoin fetch err for ORDI: read ECONNRESET | cause: undefined
2026-06-13T05:37:00.332Z KuCoin fetch err for DYDX: read ECONNRESET | cause: undefined
2026-06-13T05:37:00.489Z KuCoin fetch err for INJ: read ECONNRESET | cause: undefined
2026-06-13T05:37:00.550Z KuCoin fetch err for SAND: read ECONNRESET | cause: undefined
2026-06-13T05:37:01.655Z KuCoin fetch err for APT: read ECONNRESET | cause: undefined
2026-06-13T05:37:01.845Z KuCoin fetch err for TRX: read ECONNRESET | cause: undefined
2026-06-13T05:37:02.435Z KuCoin fetch err for NEAR: read ECONNRESET | cause: undefined
2026-06-13T05:37:03.002Z KuCoin fetch err for LDO: read ECONNRESET | cause: undefined
2026-06-13T05:37:03.220Z KuCoin fetch err for ADA: read ECONNRESET | cause: undefined
2026-06-13T05:37:03.331Z KuCoin fetch err for GRT: read ECONNRESET | cause: undefined
2026-06-13T05:37:03.429Z KuCoin fetch err for XRP: read ECONNRESET | cause: undefined
2026-06-13T05:37:59.614Z KuCoin fetch err for MEW: read ECONNRESET | cause: undefined
2026-06-13T05:37:59.616Z KuCoin fetch err for GOAT: read ECONNRESET | cause: undefined
2026-06-13T05:38:00.725Z KuCoin fetch err for ATOM: read ECONNRESET | cause: undefined
2026-06-13T05:38:01.380Z KuCoin fetch err for UNI: read ECONNRESET | cause: undefined
2026-06-13T05:38:02.074Z KuCoin fetch err for FARTCOIN: read ECONNRESET | cause: undefined
2026-06-13T05:38:02.873Z KuCoin fetch err for GMX: read ECONNRESET | cause: undefined
2026-06-13T05:38:03.045Z KuCoin fetch err for SUI: read ECONNRESET | cause: undefined
2026-06-13T05:38:03.906Z KuCoin fetch err for WIF: read ECONNRESET | cause: undefined
2026-06-13T05:39:01.366Z KuCoin fetch err for AI16Z: read ECONNRESET | cause: undefined
2026-06-13T05:39:07.177Z KuCoin fetch err for INJ: read ECONNRESET | cause: undefined
2026-06-13T05:39:13.512Z KuCoin fetch err for ETH: read ECONNRESET | cause: undefined
2026-06-13T05:39:14.593Z KuCoin fetch err for ATOM: read ECONNRESET | cause: undefined
2026-06-13T05:39:16.893Z KuCoin fetch err for MATIC: read ECONNRESET | cause: undefined
2026-06-13T05:39:17.953Z KuCoin fetch err for TON: read ECONNRESET | cause: undefined
2026-06-13T05:39:17.980Z KuCoin fetch err for LINK: read ECONNRESET | cause: undefined
2026-06-13T05:39:19.527Z KuCoin fetch err for TIA: read ECONNRESET | cause: undefined
2026-06-13T05:39:19.559Z KuCoin fetch err for FARTCOIN: read ECONNRESET | cause: undefined
2026-06-13T05:39:20.337Z KuCoin fetch err for ORDI: read ECONNRESET | cause: undefined
2026-06-13T05:39:20.410Z KuCoin fetch err for GMX: read ECONNRESET | cause: undefined
2026-06-13T05:39:21.808Z KuCoin fetch err for POPCAT: read ECONNRESET | cause: undefined
2026-06-13T05:39:22.685Z KuCoin fetch err for BTC: read ECONNRESET | cause: undefined
2026-06-13T05:39:23.539Z KuCoin fetch err for BONK: read ECONNRESET | cause: undefined
2026-06-13T05:39:58.827Z KuCoin fetch err for MATIC: read ECONNRESET | cause: undefined
2026-06-13T05:39:59.603Z KuCoin fetch err for AI16Z: read ECONNRESET | cause: undefined
2026-06-13T05:40:00.601Z KuCoin fetch err for TIA: read ECONNRESET | cause: undefined
2026-06-13T05:40:01.162Z KuCoin fetch err for PENDLE: read ECONNRESET | cause: undefined
2026-06-13T05:40:01.170Z KuCoin fetch err for AVAX: read ECONNRESET | cause: undefined
2026-06-13T05:40:20.348Z KuCoin fetch err for OP: read ECONNRESET | cause: undefined
2026-06-13T05:40:20.989Z KuCoin fetch err for GOAT: read ECONNRESET | cause: undefined
2026-06-13T05:40:22.502Z KuCoin fetch err for BNB: read ECONNRESET | cause: undefined
2026-06-13T05:40:23.019Z KuCoin fetch err for BONK: read ECONNRESET | cause: undefined
2026-06-13T05:40:23.086Z KuCoin fetch err for FLOKI: read ECONNRESET | cause: undefined
2026-06-13T05:40:47.843Z KuCoin fetch err for SOL: read ECONNRESET | cause: undefined
2026-06-13T05:40:48.222Z KuCoin fetch err for ADA: read ECONNRESET | cause: undefined
2026-06-13T05:40:48.686Z KuCoin fetch err for ARB: read ECONNRESET | cause: undefined
2026-06-13T05:40:50.227Z KuCoin fetch err for PENDLE: read ECONNRESET | cause: undefined
2026-06-13T05:40:50.714Z KuCoin fetch err for WIF: read ECONNRESET | cause: undefined
2026-06-13T05:41:00.961Z KuCoin fetch err for SSV: read ECONNRESET | cause: undefined
2026-06-13T05:41:04.896Z KuCoin fetch err for KSM: read ECONNRESET | cause: undefined
2026-06-13T05:41:05.868Z KuCoin fetch err for RSR: read ECONNRESET | cause: undefined
2026-06-13T05:41:06.221Z KuCoin fetch err for STORJ: read ECONNRESET | cause: undefined
2026-06-13T05:41:06.820Z KuCoin fetch err for ZIL: read ECONNRESET | cause: undefined
2026-06-13T05:41:44.224Z Bitget fetch err for BTC: Request timed out after 4000ms | cause: undefined
2026-06-13T05:41:44.230Z Bitget fetch err for ETH: Request timed out after 4000ms | cause: undefined
2026-06-13T05:41:44.232Z Bitget fetch err for SOL: Request timed out after 4000ms | cause: undefined
2026-06-13T05:41:44.233Z Bitget fetch err for BNB: Request timed out after 4000ms | cause: undefined
2026-06-13T05:41:44.237Z MEXC fetch err for BTC: Request timed out after 4000ms | cause: undefined
2026-06-13T05:41:44.239Z MEXC fetch err for ETH: Request timed out after 4000ms | cause: undefined
2026-06-13T05:41:44.240Z MEXC fetch err for SOL: Request timed out after 4000ms | cause: undefined
2026-06-13T05:41:44.241Z MEXC fetch err for BNB: Request timed out after 4000ms | cause: undefined
2026-06-13T05:41:44.246Z KuCoin fetch err for BTC: Request timed out after 4000ms | cause: undefined
2026-06-13T05:41:44.247Z KuCoin fetch err for ETH: Request timed out after 4000ms | cause: undefined
2026-06-13T05:41:44.248Z KuCoin fetch err for SOL: Request timed out after 4000ms | cause: undefined
2026-06-13T05:41:44.248Z KuCoin fetch err for BNB: Request timed out after 4000ms | cause: undefined
2026-06-13T05:41:46.060Z KuCoin fetch err for AVAX: read ECONNRESET | cause: undefined
2026-06-13T05:41:46.429Z KuCoin fetch err for INJ: read ECONNRESET | cause: undefined
2026-06-13T05:41:46.753Z KuCoin fetch err for SUI: read ECONNRESET | cause: undefined
2026-06-13T05:41:47.161Z KuCoin fetch err for PEPE: read ECONNRESET | cause: undefined
2026-06-13T05:41:47.478Z KuCoin fetch err for TIA: read ECONNRESET | cause: undefined
2026-06-13T05:41:49.923Z KuCoin fetch err for COMP: read ECONNRESET | cause: undefined
2026-06-13T05:41:50.528Z KuCoin fetch err for RPL: read ECONNRESET | cause: undefined
2026-06-13T05:41:58.310Z KuCoin fetch err for SSV: read ECONNRESET | cause: undefined
2026-06-13T05:41:58.807Z KuCoin fetch err for DOCK: read ECONNRESET | cause: undefined
2026-06-13T05:41:59.039Z KuCoin fetch err for GRT: read ECONNRESET | cause: undefined
2026-06-13T05:41:59.315Z KuCoin fetch err for HBAR: read ECONNRESET | cause: undefined
2026-06-13T05:41:59.369Z KuCoin fetch err for ICX: read ECONNRESET | cause: undefined
2026-06-13T05:42:02.076Z KuCoin fetch err for SC: read ECONNRESET | cause: undefined
2026-06-13T05:42:02.216Z KuCoin fetch err for STORJ: read ECONNRESET | cause: undefined
2026-06-13T05:42:02.343Z KuCoin fetch err for THETA: read ECONNRESET | cause: undefined
2026-06-13T05:42:46.730Z KuCoin fetch err for SUI: Request timed out after 4000ms | cause: undefined
2026-06-13T05:42:52.680Z KuCoin fetch err for LTC: read ECONNRESET | cause: undefined
2026-06-13T05:42:54.026Z KuCoin fetch err for UNI: read ECONNRESET | cause: undefined
2026-06-13T05:43:09.549Z KuCoin fetch err for REN: read ECONNRESET | cause: undefined
2026-06-13T05:43:09.910Z KuCoin fetch err for SC: read ECONNRESET | cause: undefined
2026-06-13T05:43:10.198Z KuCoin fetch err for SPARTA: read ECONNRESET | cause: undefined
2026-06-13T05:43:10.475Z KuCoin fetch err for VET: read ECONNRESET | cause: undefined
2026-06-13T05:43:39.725Z KuCoin fetch err for OP: read ECONNRESET | cause: undefined
2026-06-13T05:43:40.048Z KuCoin fetch err for WLD: read ECONNRESET | cause: undefined
2026-06-13T05:43:40.110Z KuCoin fetch err for NEAR: read ECONNRESET | cause: undefined
2026-06-13T05:43:40.636Z KuCoin fetch err for DOT: read ECONNRESET | cause: undefined
2026-06-13T05:43:46.855Z KuCoin fetch err for CRV: read ECONNRESET | cause: undefined
2026-06-13T05:43:48.360Z KuCoin fetch err for DENT: read ECONNRESET | cause: undefined
2026-06-13T05:43:49.148Z KuCoin fetch err for LINA: read ECONNRESET | cause: undefined
2026-06-13T05:43:50.005Z KuCoin fetch err for RSR: read ECONNRESET | cause: undefined
2026-06-13T05:43:50.330Z KuCoin fetch err for TFUEL: read ECONNRESET | cause: undefined
2026-06-13T05:43:50.849Z KuCoin fetch err for XTZ: read ECONNRESET | cause: undefined
2026-06-13T05:43:56.069Z KuCoin fetch err for ATOM: read ECONNRESET | cause: undefined
2026-06-13T05:43:56.326Z KuCoin fetch err for FIL: read ECONNRESET | cause: undefined
2026-06-13T05:43:59.153Z KuCoin fetch err for 1INCH: read ECONNRESET | cause: undefined
2026-06-13T05:44:00.250Z KuCoin fetch err for CVX: read ECONNRESET | cause: undefined
2026-06-13T05:44:02.444Z KuCoin fetch err for STMX: read ECONNRESET | cause: undefined
2026-06-13T05:44:02.619Z KuCoin fetch err for STORJ: read ECONNRESET | cause: undefined
2026-06-13T05:44:06.824Z KuCoin fetch err for PEPE: read ECONNRESET | cause: undefined
2026-06-13T05:44:07.572Z KuCoin fetch err for BLUR: read ECONNRESET | cause: undefined
2026-06-13T05:44:09.194Z KuCoin fetch err for COMP: read ECONNRESET | cause: undefined
2026-06-13T05:44:09.584Z KuCoin fetch err for ENS: read ECONNRESET | cause: undefined
2026-06-13T05:44:09.702Z KuCoin fetch err for RPL: read ECONNRESET | cause: undefined
2026-06-13T05:44:11.338Z KuCoin fetch err for BAND: read ECONNRESET | cause: undefined
2026-06-13T05:44:11.800Z KuCoin fetch err for IOTA: read ECONNRESET | cause: undefined
2026-06-13T05:44:11.880Z KuCoin fetch err for LINA: read ECONNRESET | cause: undefined
2026-06-13T05:44:49.586Z KuCoin fetch err for SOL: read ECONNRESET | cause: undefined
2026-06-13T05:44:49.923Z KuCoin fetch err for ADA: read ECONNRESET | cause: undefined
2026-06-13T05:44:50.530Z KuCoin fetch err for LTC: read ECONNRESET | cause: undefined
2026-06-13T05:44:55.613Z KuCoin fetch err for SHIB: read ECONNRESET | cause: undefined
2026-06-13T05:45:04.159Z KuCoin fetch err for HOOK: read ECONNRESET | cause: undefined
2026-06-13T05:45:04.988Z KuCoin fetch err for CVC: read ECONNRESET | cause: undefined
2026-06-13T05:45:05.285Z KuCoin fetch err for IOTA: read ECONNRESET | cause: undefined
2026-06-13T05:45:05.773Z KuCoin fetch err for MASK: read ECONNRESET | cause: undefined
2026-06-13T05:45:06.441Z KuCoin fetch err for RSR: read ECONNRESET | cause: undefined
2026-06-13T05:45:06.959Z KuCoin fetch err for XLM: read ECONNRESET | cause: undefined
2026-06-13T05:45:07.066Z KuCoin fetch err for XMR: read ECONNRESET | cause: undefined
2026-06-13T05:45:55.289Z KuCoin fetch err for SOL: read ECONNRESET | cause: undefined
2026-06-13T05:45:55.382Z KuCoin fetch err for ETH: read ECONNRESET | cause: undefined
2026-06-13T05:45:56.123Z KuCoin fetch err for AVAX: read ECONNRESET | cause: undefined
2026-06-13T05:46:03.185Z KuCoin fetch err for PEPE: read ECONNRESET | cause: undefined
2026-06-13T05:46:03.351Z KuCoin fetch err for DOT: read ECONNRESET | cause: undefined
2026-06-13T05:46:06.831Z KuCoin fetch err for AAVE: read ECONNRESET | cause: undefined
2026-06-13T05:46:06.917Z KuCoin fetch err for BONK: read ECONNRESET | cause: undefined
2026-06-13T05:46:07.554Z KuCoin fetch err for BRETT: read ECONNRESET | cause: undefined
2026-06-13T05:46:07.917Z KuCoin fetch err for GOAT: read ECONNRESET | cause: undefined
2026-06-13T05:46:09.382Z KuCoin fetch err for CVX: read ECONNRESET | cause: undefined
2026-06-13T05:46:09.784Z KuCoin fetch err for SSV: read ECONNRESET | cause: undefined
2026-06-13T05:46:09.937Z KuCoin fetch err for CELR: read ECONNRESET | cause: undefined
2026-06-13T05:46:10.231Z KuCoin fetch err for DOCK: read ECONNRESET | cause: undefined
2026-06-13T05:46:11.124Z KuCoin fetch err for NKN: read ECONNRESET | cause: undefined
2026-06-13T05:46:11.750Z KuCoin fetch err for REN: read ECONNRESET | cause: undefined
2026-06-13T05:46:12.059Z KuCoin fetch err for STMX: read ECONNRESET | cause: undefined
2026-06-13T05:46:22.952Z KuCoin fetch err for BTC: read ECONNRESET | cause: undefined
2026-06-13T05:46:23.441Z KuCoin fetch err for BNB: read ECONNRESET | cause: undefined
2026-06-13T05:46:24.753Z KuCoin fetch err for UNI: read ECONNRESET | cause: undefined
2026-06-13T05:46:25.855Z KuCoin fetch err for RUNE: read ECONNRESET | cause: undefined
2026-06-13T05:46:26.071Z KuCoin fetch err for GMX: read ECONNRESET | cause: undefined
2026-06-13T05:46:26.583Z KuCoin fetch err for WIF: read ECONNRESET | cause: undefined
2026-06-13T05:46:26.870Z KuCoin fetch err for FLOKI: read ECONNRESET | cause: undefined
2026-06-13T05:46:29.028Z KuCoin fetch err for SNX: read ECONNRESET | cause: undefined
2026-06-13T05:46:29.505Z KuCoin fetch err for ENS: read ECONNRESET | cause: undefined
2026-06-13T05:46:29.591Z KuCoin fetch err for LDO: read ECONNRESET | cause: undefined
2026-06-13T05:46:30.260Z KuCoin fetch err for LQTY: read ECONNRESET | cause: undefined
2026-06-13T05:46:30.388Z KuCoin fetch err for CELR: read ECONNRESET | cause: undefined
2026-06-13T05:46:31.376Z KuCoin fetch err for LINA: read ECONNRESET | cause: undefined
2026-06-13T05:46:32.254Z KuCoin fetch err for RVN: read ECONNRESET | cause: undefined
2026-06-13T05:46:32.422Z KuCoin fetch err for SC: read ECONNRESET | cause: undefined
2026-06-13T05:46:56.225Z KuCoin fetch err for TRX: read ECONNRESET | cause: undefined
2026-06-13T05:46:57.385Z KuCoin fetch err for DOT: read ECONNRESET | cause: undefined
2026-06-13T05:47:01.148Z KuCoin fetch err for CRV: read ECONNRESET | cause: undefined
2026-06-13T05:47:01.465Z KuCoin fetch err for YFI: read ECONNRESET | cause: undefined
2026-06-13T05:47:01.666Z KuCoin fetch err for 1INCH: read ECONNRESET | cause: undefined
2026-06-13T05:47:02.376Z KuCoin fetch err for LQTY: read ECONNRESET | cause: undefined
2026-06-13T05:47:02.514Z KuCoin fetch err for BAND: read ECONNRESET | cause: undefined
2026-06-13T05:47:02.868Z KuCoin fetch err for CELR: read ECONNRESET | cause: undefined
2026-06-13T05:47:03.621Z KuCoin fetch err for KSM: read ECONNRESET | cause: undefined
2026-06-13T05:47:04.065Z KuCoin fetch err for ONE: read ECONNRESET | cause: undefined
2026-06-13T05:47:05.881Z KuCoin fetch err for THETA: read ECONNRESET | cause: undefined
2026-06-13T05:47:06.659Z KuCoin fetch err for XTZ: read ECONNRESET | cause: undefined
2026-06-13T05:47:06.666Z KuCoin fetch err for ZEN: read ECONNRESET | cause: undefined
2026-06-13T05:47:22.025Z KuCoin fetch err for OP: read ECONNRESET | cause: undefined
2026-06-13T05:47:23.116Z KuCoin fetch err for ENA: read ECONNRESET | cause: undefined
2026-06-13T05:47:26.059Z KuCoin fetch err for VIRTUAL: read ECONNRESET | cause: undefined
2026-06-13T05:47:28.577Z KuCoin fetch err for ENS: read ECONNRESET | cause: undefined
2026-06-13T05:47:32.407Z KuCoin fetch err for FET: read ECONNRESET | cause: undefined
2026-06-13T05:47:34.273Z KuCoin fetch err for MASK: read ECONNRESET | cause: undefined
2026-06-13T05:47:34.902Z KuCoin fetch err for RSR: read ECONNRESET | cause: undefined
2026-06-13T05:47:40.286Z KuCoin fetch err for INJ: read ECONNRESET | cause: undefined
2026-06-13T05:47:42.735Z KuCoin fetch err for ONDO: read ECONNRESET | cause: undefined
2026-06-13T05:47:44.894Z KuCoin fetch err for MKR: read ECONNRESET | cause: undefined
2026-06-13T05:47:47.183Z KuCoin fetch err for RPL: read ECONNRESET | cause: undefined
2026-06-13T05:47:49.033Z KuCoin fetch err for NKN: read ECONNRESET | cause: undefined
2026-06-13T05:47:49.736Z KuCoin fetch err for RVN: read ECONNRESET | cause: undefined
2026-06-13T05:48:18.262Z KuCoin fetch err for LTC: read ECONNRESET | cause: undefined
2026-06-13T05:48:18.530Z KuCoin fetch err for ATOM: read ECONNRESET | cause: undefined
2026-06-13T05:48:21.745Z KuCoin fetch err for SUSHI: read ECONNRESET | cause: undefined
2026-06-13T05:48:21.944Z KuCoin fetch err for 1INCH: read ECONNRESET | cause: undefined
2026-06-13T05:48:22.095Z KuCoin fetch err for RPL: read ECONNRESET | cause: undefined
2026-06-13T05:48:22.631Z KuCoin fetch err for ANKR: read ECONNRESET | cause: undefined
2026-06-13T05:48:22.900Z KuCoin fetch err for CELR: read ECONNRESET | cause: undefined
2026-06-13T05:48:23.544Z KuCoin fetch err for KAVA: read ECONNRESET | cause: undefined
2026-06-13T05:48:24.382Z KuCoin fetch err for OGN: read ECONNRESET | cause: undefined
2026-06-13T05:48:24.527Z KuCoin fetch err for REN: read ECONNRESET | cause: undefined
2026-06-13T05:48:24.778Z KuCoin fetch err for RSR: read ECONNRESET | cause: undefined
2026-06-13T05:48:25.143Z KuCoin fetch err for STMX: read ECONNRESET | cause: undefined
2026-06-13T05:48:25.856Z KuCoin fetch err for XMR: read ECONNRESET | cause: undefined
2026-06-13T05:48:25.857Z KuCoin fetch err for ZEC: read ECONNRESET | cause: undefined
2026-06-13T05:48:37.979Z KuCoin fetch err for ORDI: read ECONNRESET | cause: undefined
2026-06-13T05:48:46.258Z KuCoin fetch err for GOAT: read ECONNRESET | cause: undefined
2026-06-13T05:48:46.474Z KuCoin fetch err for VIRTUAL: read ECONNRESET | cause: undefined
2026-06-13T05:48:47.681Z KuCoin fetch err for SNX: read ECONNRESET | cause: undefined
2026-06-13T05:48:48.155Z KuCoin fetch err for BAL: read ECONNRESET | cause: undefined
2026-06-13T05:48:49.817Z KuCoin fetch err for CVC: read ECONNRESET | cause: undefined
2026-06-13T05:48:50.346Z KuCoin fetch err for HBAR: read ECONNRESET | cause: undefined
2026-06-13T05:48:50.670Z KuCoin fetch err for IOTA: read ECONNRESET | cause: undefined
2026-06-13T05:48:50.911Z KuCoin fetch err for LINA: read ECONNRESET | cause: undefined
2026-06-13T05:48:51.164Z KuCoin fetch err for MASK: read ECONNRESET | cause: undefined
2026-06-13T05:48:52.015Z KuCoin fetch err for RSR: read ECONNRESET | cause: undefined
2026-06-13T05:48:52.594Z KuCoin fetch err for TFUEL: read ECONNRESET | cause: undefined
2026-06-13T05:48:53.457Z KuCoin fetch err for ZIL: read ECONNRESET | cause: undefined
2026-06-13T05:49:07.841Z KuCoin fetch err for BLUR: read ECONNRESET | cause: undefined
2026-06-13T05:49:11.765Z KuCoin fetch err for COMP: read ECONNRESET | cause: undefined
2026-06-13T05:49:11.946Z KuCoin fetch err for BAL: read ECONNRESET | cause: undefined
2026-06-13T05:49:12.416Z KuCoin fetch err for 1INCH: read ECONNRESET | cause: undefined
2026-06-13T05:49:15.924Z KuCoin fetch err for LQTY: read ECONNRESET | cause: undefined
2026-06-13T05:49:16.512Z KuCoin fetch err for BAND: read ECONNRESET | cause: undefined
2026-06-13T05:49:17.663Z KuCoin fetch err for LINA: read ECONNRESET | cause: undefined
2026-06-13T05:49:17.750Z KuCoin fetch err for NKN: read ECONNRESET | cause: undefined
2026-06-13T05:49:18.067Z KuCoin fetch err for OCEAN: read ECONNRESET | cause: undefined
2026-06-13T05:49:18.108Z KuCoin fetch err for ONE: read ECONNRESET | cause: undefined
2026-06-13T05:49:43.990Z KuCoin fetch err for TON: read ECONNRESET | cause: undefined
2026-06-13T05:49:47.962Z KuCoin fetch err for JUP: read ECONNRESET | cause: undefined
2026-06-13T05:49:49.024Z KuCoin fetch err for DOT: read ECONNRESET | cause: undefined
2026-06-13T05:49:50.560Z KuCoin fetch err for JTO: read ECONNRESET | cause: undefined
2026-06-13T05:49:51.620Z KuCoin fetch err for DYDX: read ECONNRESET | cause: undefined
2026-06-13T05:49:51.644Z KuCoin fetch err for PENDLE: read ECONNRESET | cause: undefined
2026-06-13T05:49:53.917Z KuCoin fetch err for ACT: read ECONNRESET | cause: undefined
2026-06-13T05:49:54.111Z KuCoin fetch err for BONK: read ECONNRESET | cause: undefined
2026-06-13T05:49:56.406Z KuCoin fetch err for ACT: read ECONNRESET | cause: undefined
2026-06-13T05:50:02.365Z KuCoin fetch err for MANA: read ECONNRESET | cause: undefined
2026-06-13T05:50:04.167Z KuCoin fetch err for NKN: read ECONNRESET | cause: undefined
2026-06-13T05:50:05.531Z KuCoin fetch err for ONE: read ECONNRESET | cause: undefined
2026-06-13T05:50:06.839Z KuCoin fetch err for STMX: read ECONNRESET | cause: undefined
2026-06-13T05:50:08.996Z KuCoin fetch err for XMR: read ECONNRESET | cause: undefined
2026-06-13T05:50:11.653Z KuCoin fetch err for SNX: read ECONNRESET | cause: undefined
2026-06-13T05:50:14.294Z KuCoin fetch err for SSV: read ECONNRESET | cause: undefined
2026-06-13T05:50:14.870Z KuCoin fetch err for CVC: read ECONNRESET | cause: undefined
2026-06-13T05:50:26.709Z KuCoin fetch err for POPCAT: read ECONNRESET | cause: undefined
2026-06-13T05:50:26.745Z KuCoin fetch err for BRETT: read ECONNRESET | cause: undefined
2026-06-13T05:50:27.355Z KuCoin fetch err for ACT: read ECONNRESET | cause: undefined
2026-06-13T05:50:27.470Z KuCoin fetch err for NOT: read ECONNRESET | cause: undefined
2026-06-13T05:50:30.145Z KuCoin fetch err for FXS: read ECONNRESET | cause: undefined
2026-06-13T05:50:30.251Z KuCoin fetch err for AGLD: read ECONNRESET | cause: undefined
2026-06-13T05:50:30.579Z KuCoin fetch err for HOOK: read ECONNRESET | cause: undefined
2026-06-13T05:50:30.921Z KuCoin fetch err for SSV: read ECONNRESET | cause: undefined
2026-06-13T05:50:31.365Z KuCoin fetch err for BAND: read ECONNRESET | cause: undefined
2026-06-13T05:50:31.847Z KuCoin fetch err for HBAR: read ECONNRESET | cause: undefined
2026-06-13T05:50:32.208Z KuCoin fetch err for KAVA: read ECONNRESET | cause: undefined
2026-06-13T05:50:32.699Z KuCoin fetch err for MASK: read ECONNRESET | cause: undefined
2026-06-13T05:50:33.902Z KuCoin fetch err for RVN: read ECONNRESET | cause: undefined
2026-06-13T05:50:41.507Z KuCoin fetch err for PENDLE: read ECONNRESET | cause: undefined
2026-06-13T05:50:42.018Z KuCoin fetch err for FLOKI: read ECONNRESET | cause: undefined
2026-06-13T05:50:44.414Z KuCoin fetch err for ENS: read ECONNRESET | cause: undefined
2026-06-13T05:50:44.416Z KuCoin fetch err for LDO: read ECONNRESET | cause: undefined
2026-06-13T05:50:45.718Z KuCoin fetch err for DENT: read ECONNRESET | cause: undefined
2026-06-13T05:50:49.398Z KuCoin fetch err for RSR: read ECONNRESET | cause: undefined
2026-06-13T05:50:49.833Z KuCoin fetch err for STORJ: read ECONNRESET | cause: undefined
2026-06-13T05:50:50.980Z KuCoin fetch err for ZIL: read ECONNRESET | cause: undefined
2026-06-13T05:51:07.829Z KuCoin fetch err for TON: read ECONNRESET | cause: undefined
2026-06-13T05:51:07.949Z KuCoin fetch err for PEPE: read ECONNRESET | cause: undefined
2026-06-13T05:51:09.409Z KuCoin fetch err for PENDLE: read ECONNRESET | cause: undefined
2026-06-13T05:51:10.000Z KuCoin fetch err for WIF: read ECONNRESET | cause: undefined
2026-06-13T05:51:10.451Z KuCoin fetch err for BRETT: read ECONNRESET | cause: undefined
2026-06-13T05:51:10.752Z KuCoin fetch err for GOAT: read ECONNRESET | cause: undefined
2026-06-13T05:51:11.891Z KuCoin fetch err for SNX: read ECONNRESET | cause: undefined
2026-06-13T05:51:12.723Z KuCoin fetch err for 1INCH: read ECONNRESET | cause: undefined
2026-06-13T05:51:13.428Z KuCoin fetch err for FXS: read ECONNRESET | cause: undefined
2026-06-13T05:51:14.565Z KuCoin fetch err for LQTY: read ECONNRESET | cause: undefined
2026-06-13T05:51:14.885Z KuCoin fetch err for ANKR: read ECONNRESET | cause: undefined
2026-06-13T05:51:16.949Z KuCoin fetch err for ONT: read ECONNRESET | cause: undefined
2026-06-13T05:51:17.030Z KuCoin fetch err for QTUM: read ECONNRESET | cause: undefined
2026-06-13T05:51:34.995Z KuCoin fetch err for LINK: read ECONNRESET | cause: undefined
2026-06-13T05:51:36.001Z KuCoin fetch err for ARB: read ECONNRESET | cause: undefined
2026-06-13T05:51:36.063Z KuCoin fetch err for INJ: read ECONNRESET | cause: undefined
2026-06-13T05:51:38.666Z KuCoin fetch err for JUP: read ECONNRESET | cause: undefined
2026-06-13T05:51:41.285Z KuCoin fetch err for MKR: read ECONNRESET | cause: undefined
2026-06-13T05:51:49.377Z MEXC fetch err for XTZ: Request timed out after 4000ms | cause: undefined
2026-06-13T05:51:49.477Z KuCoin fetch err for CVC: Request timed out after 4000ms | cause: undefined
2026-06-13T05:51:49.523Z Bitget fetch err for SPARTA: Request timed out after 4000ms | cause: undefined
2026-06-13T05:51:49.554Z Bitget fetch err for STORJ: Request timed out after 4000ms | cause: undefined
2026-06-13T05:51:49.555Z Bitget fetch err for STMX: Request timed out after 4000ms | cause: undefined
2026-06-13T05:51:49.601Z KuCoin fetch err for DOCK: Request timed out after 4000ms | cause: undefined
2026-06-13T05:51:49.727Z KuCoin fetch err for CELR: Request timed out after 4000ms | cause: undefined
2026-06-13T05:51:49.757Z KuCoin fetch err for BAND: Request timed out after 4000ms | cause: undefined
2026-06-13T05:51:52.497Z KuCoin fetch err for DENT: read ECONNRESET | cause: undefined
2026-06-13T05:51:53.353Z MEXC fetch err for ZEC: Request timed out after 4000ms | cause: undefined
2026-06-13T05:51:53.369Z MEXC fetch err for ZEN: Request timed out after 4000ms | cause: undefined
2026-06-13T05:51:53.431Z Bitget fetch err for TFUEL: Request timed out after 4000ms | cause: undefined
2026-06-13T05:51:53.446Z Bitget fetch err for THETA: Request timed out after 4000ms | cause: undefined
2026-06-13T05:52:00.735Z KuCoin fetch err for ICX: read ECONNRESET | cause: undefined
2026-06-13T05:52:01.761Z MEXC fetch err for BTC: Request timed out after 4000ms | cause: undefined
2026-06-13T05:52:01.763Z MEXC fetch err for ETH: Request timed out after 4000ms | cause: undefined
2026-06-13T05:52:01.765Z MEXC fetch err for SOL: Request timed out after 4000ms | cause: undefined
2026-06-13T05:52:01.767Z MEXC fetch err for BNB: Request timed out after 4000ms | cause: undefined
2026-06-13T05:52:04.456Z KuCoin fetch err for ETH: Request timed out after 4000ms | cause: undefined
2026-06-13T05:52:11.513Z KuCoin fetch err for CELR: read ECONNRESET | cause: undefined
2026-06-13T05:52:12.429Z KuCoin fetch err for KAVA: read ECONNRESET | cause: undefined
2026-06-13T05:52:13.604Z KuCoin fetch err for REN: read ECONNRESET | cause: undefined
2026-06-13T05:52:14.787Z KuCoin fetch err for ZEC: read ECONNRESET | cause: undefined
2026-06-13T05:52:25.830Z KuCoin fetch err for ONDO: read ECONNRESET | cause: undefined
2026-06-13T05:52:26.319Z KuCoin fetch err for BLUR: read ECONNRESET | cause: undefined
2026-06-13T05:52:26.353Z KuCoin fetch err for GMX: read ECONNRESET | cause: undefined
2026-06-13T05:52:26.468Z KuCoin fetch err for DYDX: read ECONNRESET | cause: undefined
2026-06-13T05:52:27.272Z KuCoin fetch err for POPCAT: read ECONNRESET | cause: undefined
2026-06-13T05:52:28.102Z KuCoin fetch err for MKR: read ECONNRESET | cause: undefined
2026-06-13T05:52:29.062Z KuCoin fetch err for CVX: read ECONNRESET | cause: undefined
2026-06-13T05:52:29.832Z KuCoin fetch err for ANKR: read ECONNRESET | cause: undefined
2026-06-13T05:52:30.915Z KuCoin fetch err for KAVA: read ECONNRESET | cause: undefined
2026-06-13T05:52:31.435Z KuCoin fetch err for OCEAN: read ECONNRESET | cause: undefined
2026-06-13T05:52:32.177Z KuCoin fetch err for SPARTA: read ECONNRESET | cause: undefined
2026-06-13T05:52:32.183Z KuCoin fetch err for SC: read ECONNRESET | cause: undefined
2026-06-13T05:52:53.641Z KuCoin fetch err for TIA: read ECONNRESET | cause: undefined
2026-06-13T05:52:53.828Z KuCoin fetch err for ONDO: read ECONNRESET | cause: undefined
2026-06-13T05:52:54.965Z KuCoin fetch err for WIF: read ECONNRESET | cause: undefined
2026-06-13T05:52:55.162Z KuCoin fetch err for BONK: read ECONNRESET | cause: undefined
2026-06-13T05:52:55.249Z KuCoin fetch err for BRETT: read ECONNRESET | cause: undefined
2026-06-13T05:52:56.520Z KuCoin fetch err for MATIC: read ECONNRESET | cause: undefined
2026-06-13T05:52:56.789Z KuCoin fetch err for SEI: read ECONNRESET | cause: undefined
2026-06-13T05:52:59.256Z KuCoin fetch err for IOTA: read ECONNRESET | cause: undefined
2026-06-13T05:53:00.549Z KuCoin fetch err for RSR: read ECONNRESET | cause: undefined
2026-06-13T05:53:00.624Z KuCoin fetch err for SC: read ECONNRESET | cause: undefined
2026-06-13T05:53:00.938Z KuCoin fetch err for THETA: read ECONNRESET | cause: undefined
2026-06-13T05:53:01.044Z KuCoin fetch err for VET: read ECONNRESET | cause: undefined
2026-06-13T05:53:33.231Z KuCoin fetch err for BONK: read ECONNRESET | cause: undefined
2026-06-13T05:53:34.076Z KuCoin fetch err for PNUT: read ECONNRESET | cause: undefined
2026-06-13T05:53:38.802Z KuCoin fetch err for RPL: read ECONNRESET | cause: undefined
2026-06-13T05:53:39.059Z KuCoin fetch err for CVX: read ECONNRESET | cause: undefined
2026-06-13T05:53:40.599Z KuCoin fetch err for KSM: read ECONNRESET | cause: undefined
2026-06-13T05:53:40.830Z KuCoin fetch err for MASK: read ECONNRESET | cause: undefined
2026-06-13T05:53:40.995Z KuCoin fetch err for NEO: read ECONNRESET | cause: undefined
2026-06-13T05:53:41.028Z KuCoin fetch err for OCEAN: read ECONNRESET | cause: undefined
2026-06-13T05:53:42.346Z KuCoin fetch err for THETA: read ECONNRESET | cause: undefined
2026-06-13T05:53:44.865Z KuCoin fetch err for XLM: read ECONNRESET | cause: undefined
2026-06-13T05:53:45.605Z KuCoin fetch err for XMR: read ECONNRESET | cause: undefined
2026-06-13T05:53:46.561Z KuCoin fetch err for ZEN: read ECONNRESET | cause: undefined
2026-06-13T05:53:50.897Z KuCoin fetch err for NEAR: read ECONNRESET | cause: undefined
2026-06-13T05:53:51.338Z KuCoin fetch err for DOT: read ECONNRESET | cause: undefined
2026-06-13T05:53:52.388Z KuCoin fetch err for PENDLE: read ECONNRESET | cause: undefined
2026-06-13T05:53:53.866Z KuCoin fetch err for MATIC: read ECONNRESET | cause: undefined
2026-06-13T05:53:54.977Z KuCoin fetch err for HOOK: read ECONNRESET | cause: undefined
2026-06-13T05:53:55.232Z KuCoin fetch err for SSV: read ECONNRESET | cause: undefined
2026-06-13T05:53:56.020Z KuCoin fetch err for GRT: read ECONNRESET | cause: undefined
2026-06-13T05:53:56.150Z KuCoin fetch err for HBAR: read ECONNRESET | cause: undefined
2026-06-13T05:53:56.156Z KuCoin fetch err for LQTY: read ECONNRESET | cause: undefined
2026-06-13T05:53:56.639Z KuCoin fetch err for LINA: read ECONNRESET | cause: undefined
2026-06-13T05:53:56.911Z KuCoin fetch err for NEO: read ECONNRESET | cause: undefined
2026-06-13T05:53:57.476Z KuCoin fetch err for OGN: read ECONNRESET | cause: undefined
2026-06-13T05:53:59.339Z KuCoin fetch err for XTZ: read ECONNRESET | cause: undefined
2026-06-13T05:54:23.069Z KuCoin fetch err for GMX: read ECONNRESET | cause: undefined
2026-06-13T05:54:31.018Z KuCoin fetch err for AI16Z: read ECONNRESET | cause: undefined
2026-06-13T05:54:31.273Z KuCoin fetch err for MATIC: read ECONNRESET | cause: undefined
2026-06-13T05:54:31.952Z KuCoin fetch err for YFI: read ECONNRESET | cause: undefined
2026-06-13T05:54:32.017Z KuCoin fetch err for SUSHI: read ECONNRESET | cause: undefined
2026-06-13T05:54:32.395Z KuCoin fetch err for LDO: read ECONNRESET | cause: undefined
2026-06-13T05:54:32.942Z KuCoin fetch err for ANKR: read ECONNRESET | cause: undefined
2026-06-13T05:54:42.465Z KuCoin fetch err for ZIL: read ECONNRESET | cause: undefined
2026-06-13T05:54:52.833Z KuCoin fetch err for WLD: Request timed out after 4000ms | cause: undefined
2026-06-13T05:54:52.863Z MEXC fetch err for TON: Request timed out after 4000ms | cause: undefined
2026-06-13T05:54:52.879Z MEXC fetch err for PEPE: Request timed out after 4000ms | cause: undefined
2026-06-13T05:54:52.881Z KuCoin fetch err for SUI: Request timed out after 4000ms | cause: undefined
2026-06-13T05:54:52.882Z KuCoin fetch err for APT: Request timed out after 4000ms | cause: undefined
2026-06-13T05:54:52.886Z KuCoin fetch err for NEAR: Request timed out after 4000ms | cause: undefined
2026-06-13T05:54:57.798Z KuCoin fetch err for RUNE: read ECONNRESET | cause: undefined
2026-06-13T05:54:58.708Z KuCoin fetch err for PYTH: read ECONNRESET | cause: undefined
2026-06-13T05:55:01.098Z KuCoin fetch err for MATIC: read ECONNRESET | cause: undefined
2026-06-13T05:55:01.753Z KuCoin fetch err for BAL: read ECONNRESET | cause: undefined
2026-06-13T05:55:07.363Z KuCoin fetch err for LINA: read ECONNRESET | cause: undefined
2026-06-13T05:55:20.081Z Bitget fetch err for BTC: Request timed out after 4000ms | cause: undefined
2026-06-13T05:55:20.082Z Bitget fetch err for ETH: Request timed out after 4000ms | cause: undefined
2026-06-13T05:55:20.083Z Bitget fetch err for SOL: Request timed out after 4000ms | cause: undefined
2026-06-13T05:55:20.084Z Bitget fetch err for BNB: Request timed out after 4000ms | cause: undefined
2026-06-13T05:55:20.086Z MEXC fetch err for BTC: Request timed out after 4000ms | cause: undefined
2026-06-13T05:55:20.088Z MEXC fetch err for ETH: Request timed out after 4000ms | cause: undefined
2026-06-13T05:55:20.089Z MEXC fetch err for SOL: Request timed out after 4000ms | cause: undefined
2026-06-13T05:55:20.090Z MEXC fetch err for BNB: Request timed out after 4000ms | cause: undefined
2026-06-13T05:55:20.097Z KuCoin fetch err for BTC: Request timed out after 4000ms | cause: undefined
2026-06-13T05:55:20.098Z KuCoin fetch err for ETH: Request timed out after 4000ms | cause: undefined
2026-06-13T05:55:20.099Z KuCoin fetch err for SOL: Request timed out after 4000ms | cause: undefined
2026-06-13T05:55:20.100Z KuCoin fetch err for BNB: Request timed out after 4000ms | cause: undefined
2026-06-13T05:55:24.705Z KuCoin fetch err for UNI: read ECONNRESET | cause: undefined
2026-06-13T05:55:25.202Z KuCoin fetch err for DOT: read ECONNRESET | cause: undefined
2026-06-13T05:55:26.666Z KuCoin fetch err for BRETT: read ECONNRESET | cause: undefined
2026-06-13T05:55:26.866Z KuCoin fetch err for GOAT: read ECONNRESET | cause: undefined
2026-06-13T05:55:27.109Z KuCoin fetch err for PNUT: read ECONNRESET | cause: undefined
2026-06-13T05:55:27.871Z KuCoin fetch err for SNX: read ECONNRESET | cause: undefined
2026-06-13T05:55:28.425Z KuCoin fetch err for ENS: read ECONNRESET | cause: undefined
2026-06-13T05:55:28.549Z KuCoin fetch err for CVX: read ECONNRESET | cause: undefined
2026-06-13T05:55:28.869Z KuCoin fetch err for HOOK: read ECONNRESET | cause: undefined
2026-06-13T05:55:29.835Z KuCoin fetch err for ICX: read ECONNRESET | cause: undefined
2026-06-13T05:55:30.592Z KuCoin fetch err for OGN: read ECONNRESET | cause: undefined
2026-06-13T05:55:31.361Z KuCoin fetch err for STMX: read ECONNRESET | cause: undefined
2026-06-13T05:55:31.659Z KuCoin fetch err for VET: read ECONNRESET | cause: undefined
2026-06-13T05:55:31.675Z KuCoin fetch err for WAVES: read ECONNRESET | cause: undefined
2026-06-13T05:55:53.817Z KuCoin fetch err for NEAR: read ECONNRESET | cause: undefined
2026-06-13T05:55:54.401Z KuCoin fetch err for PEPE: read ECONNRESET | cause: undefined
2026-06-13T05:55:55.466Z KuCoin fetch err for JUP: read ECONNRESET | cause: undefined
2026-06-13T05:55:56.584Z KuCoin fetch err for WIF: read ECONNRESET | cause: undefined
2026-06-13T05:55:57.822Z KuCoin fetch err for SHIB: read ECONNRESET | cause: undefined
2026-06-13T05:55:57.985Z KuCoin fetch err for CRV: read ECONNRESET | cause: undefined
2026-06-13T05:55:59.905Z KuCoin fetch err for DOCK: read ECONNRESET | cause: undefined
2026-06-13T05:56:00.099Z KuCoin fetch err for HBAR: read ECONNRESET | cause: undefined
2026-06-13T05:56:02.826Z KuCoin fetch err for XEM: read ECONNRESET | cause: undefined
2026-06-13T05:56:02.828Z KuCoin fetch err for XLM: read ECONNRESET | cause: undefined
2026-06-13T05:56:03.581Z KuCoin fetch err for ZIL: read ECONNRESET | cause: undefined
2026-06-13T05:56:20.134Z KuCoin fetch err for APT: read ECONNRESET | cause: undefined
2026-06-13T05:56:20.136Z KuCoin fetch err for SUI: read ECONNRESET | cause: undefined
2026-06-13T05:56:21.904Z KuCoin fetch err for JUP: read ECONNRESET | cause: undefined
2026-06-13T05:56:22.098Z KuCoin fetch err for ONDO: read ECONNRESET | cause: undefined
2026-06-13T05:56:22.472Z KuCoin fetch err for PENDLE: read ECONNRESET | cause: undefined
2026-06-13T05:56:22.987Z KuCoin fetch err for FLOKI: read ECONNRESET | cause: undefined
2026-06-13T05:56:23.058Z KuCoin fetch err for MEW: read ECONNRESET | cause: undefined
2026-06-13T05:56:23.122Z KuCoin fetch err for POPCAT: read ECONNRESET | cause: undefined
2026-06-13T05:56:23.324Z KuCoin fetch err for PNUT: read ECONNRESET | cause: undefined
2026-06-13T05:56:24.671Z KuCoin fetch err for LDO: read ECONNRESET | cause: undefined
2026-06-13T05:56:25.428Z KuCoin fetch err for ANKR: read ECONNRESET | cause: undefined
2026-06-13T05:56:26.068Z KuCoin fetch err for HBAR: read ECONNRESET | cause: undefined
2026-06-13T05:56:27.143Z KuCoin fetch err for QTUM: read ECONNRESET | cause: undefined
2026-06-13T05:56:27.424Z KuCoin fetch err for RVN: read ECONNRESET | cause: undefined
2026-06-13T05:56:28.035Z KuCoin fetch err for WAVES: read ECONNRESET | cause: undefined
2026-06-13T05:56:50.076Z Bitget fetch err for BTC: Request timed out after 4000ms | cause: undefined
2026-06-13T05:56:50.077Z Bitget fetch err for ETH: Request timed out after 4000ms | cause: undefined
2026-06-13T05:56:50.078Z Bitget fetch err for SOL: Request timed out after 4000ms | cause: undefined
2026-06-13T05:56:50.080Z Bitget fetch err for BNB: Request timed out after 4000ms | cause: undefined
2026-06-13T05:56:50.081Z MEXC fetch err for BTC: Request timed out after 4000ms | cause: undefined
2026-06-13T05:56:50.084Z MEXC fetch err for ETH: Request timed out after 4000ms | cause: undefined
2026-06-13T05:56:50.085Z MEXC fetch err for SOL: Request timed out after 4000ms | cause: undefined
2026-06-13T05:56:50.086Z MEXC fetch err for BNB: Request timed out after 4000ms | cause: undefined
2026-06-13T05:56:50.087Z KuCoin fetch err for BTC: Request timed out after 4000ms | cause: undefined
2026-06-13T05:56:50.088Z KuCoin fetch err for ETH: Request timed out after 4000ms | cause: undefined
2026-06-13T05:56:50.089Z KuCoin fetch err for SOL: Request timed out after 4000ms | cause: undefined
2026-06-13T05:56:50.090Z KuCoin fetch err for BNB: Request timed out after 4000ms | cause: undefined
2026-06-13T05:56:55.598Z KuCoin fetch err for ARB: read ECONNRESET | cause: undefined
2026-06-13T05:56:56.555Z KuCoin fetch err for APT: read ECONNRESET | cause: undefined
2026-06-13T05:56:56.585Z KuCoin fetch err for NEAR: read ECONNRESET | cause: undefined
2026-06-13T05:56:56.983Z KuCoin fetch err for TON: read ECONNRESET | cause: undefined
2026-06-13T05:56:57.587Z KuCoin fetch err for JUP: read ECONNRESET | cause: undefined
2026-06-13T05:56:57.961Z KuCoin fetch err for BLUR: read ECONNRESET | cause: undefined
2026-06-13T05:56:58.060Z KuCoin fetch err for PENDLE: read ECONNRESET | cause: undefined
2026-06-13T05:56:58.743Z KuCoin fetch err for BRETT: read ECONNRESET | cause: undefined
2026-06-13T05:56:59.072Z KuCoin fetch err for GOAT: read ECONNRESET | cause: undefined
2026-06-13T05:56:59.337Z KuCoin fetch err for VIRTUAL: read ECONNRESET | cause: undefined
2026-06-13T05:57:00.819Z KuCoin fetch err for CVX: read ECONNRESET | cause: undefined
2026-06-13T05:57:01.463Z KuCoin fetch err for CELR: read ECONNRESET | cause: undefined
2026-06-13T05:57:01.500Z KuCoin fetch err for ANKR: read ECONNRESET | cause: undefined
2026-06-13T05:57:01.661Z KuCoin fetch err for CVC: read ECONNRESET | cause: undefined
2026-06-13T05:57:02.832Z KuCoin fetch err for NKN: read ECONNRESET | cause: undefined
2026-06-13T05:57:36.631Z KuCoin fetch err for ZEC: read ECONNRESET | cause: undefined
2026-06-13T05:57:36.832Z KuCoin fetch err for ZEN: read ECONNRESET | cause: undefined
2026-06-13T05:57:49.941Z KuCoin fetch err for AAVE: read ECONNRESET | cause: undefined
2026-06-13T05:57:50.709Z KuCoin fetch err for GOAT: read ECONNRESET | cause: undefined
2026-06-13T05:57:51.151Z KuCoin fetch err for VIRTUAL: read ECONNRESET | cause: undefined
2026-06-13T05:57:51.758Z KuCoin fetch err for MKR: read ECONNRESET | cause: undefined
2026-06-13T05:57:54.618Z KuCoin fetch err for MASK: read ECONNRESET | cause: undefined
2026-06-13T05:57:55.179Z KuCoin fetch err for RSR: read ECONNRESET | cause: undefined
2026-06-13T05:57:55.701Z KuCoin fetch err for STORJ: read ECONNRESET | cause: undefined
2026-06-13T05:58:20.343Z KuCoin fetch err for SUI: read ECONNRESET | cause: undefined
2026-06-13T05:58:20.743Z KuCoin fetch err for UNI: read ECONNRESET | cause: undefined
2026-06-13T05:58:21.179Z KuCoin fetch err for DOT: read ECONNRESET | cause: undefined
2026-06-13T05:58:21.245Z KuCoin fetch err for FIL: read ECONNRESET | cause: undefined
2026-06-13T05:58:22.271Z KuCoin fetch err for BLUR: read ECONNRESET | cause: undefined
2026-06-13T05:58:22.513Z KuCoin fetch err for AAVE: read ECONNRESET | cause: undefined
2026-06-13T05:58:23.877Z KuCoin fetch err for CRV: read ECONNRESET | cause: undefined
2026-06-13T05:58:24.461Z KuCoin fetch err for 1INCH: read ECONNRESET | cause: undefined
2026-06-13T05:58:25.821Z KuCoin fetch err for DOCK: read ECONNRESET | cause: undefined
2026-06-13T05:58:26.141Z KuCoin fetch err for ICX: read ECONNRESET | cause: undefined
2026-06-13T05:58:26.301Z KuCoin fetch err for KAVA: read ECONNRESET | cause: undefined
2026-06-13T05:58:27.499Z KuCoin fetch err for REN: read ECONNRESET | cause: undefined
2026-06-13T05:58:27.540Z KuCoin fetch err for RVN: read ECONNRESET | cause: undefined
2026-06-13T05:58:28.085Z KuCoin fetch err for VET: read ECONNRESET | cause: undefined
2026-06-13T05:58:28.633Z KuCoin fetch err for ZEC: read ECONNRESET | cause: undefined
2026-06-13T05:58:50.361Z KuCoin fetch err for SUI: read ECONNRESET | cause: undefined
2026-06-13T05:58:52.471Z KuCoin fetch err for BLUR: read ECONNRESET | cause: undefined
2026-06-13T05:58:52.946Z KuCoin fetch err for DYDX: read ECONNRESET | cause: undefined
2026-06-13T05:58:54.190Z KuCoin fetch err for GOAT: read ECONNRESET | cause: undefined
2026-06-13T05:58:56.287Z KuCoin fetch err for BAL: read ECONNRESET | cause: undefined
2026-06-13T05:58:56.864Z KuCoin fetch err for 1INCH: read ECONNRESET | cause: undefined
2026-06-13T05:59:00.312Z KuCoin fetch err for CVX: read ECONNRESET | cause: undefined
2026-06-13T05:59:00.341Z KuCoin fetch err for FXS: read ECONNRESET | cause: undefined
2026-06-13T05:59:00.434Z KuCoin fetch err for HOOK: read ECONNRESET | cause: undefined
2026-06-13T05:59:00.808Z KuCoin fetch err for LQTY: read ECONNRESET | cause: undefined
2026-06-13T05:59:03.597Z KuCoin fetch err for LINA: read ECONNRESET | cause: undefined
2026-06-13T05:59:07.223Z KuCoin fetch err for NEO: read ECONNRESET | cause: undefined
2026-06-13T05:59:08.354Z KuCoin fetch err for REN: read ECONNRESET | cause: undefined
2026-06-13T05:59:10.055Z KuCoin fetch err for TFUEL: read ECONNRESET | cause: undefined
